
> ReportAid@0.0.5 compile /its/home/sh601/gitrepos/ReportAid/app
> webpack --config ./webpack.dev.js --mode development

clean-webpack-plugin: /its/home/sh601/gitrepos/ReportAid/app/build has been removed.
ℹ ｢atl｣: Using typescript@3.0.3 from typescript
ℹ ｢atl｣: Using tsconfig.json from /its/home/sh601/gitrepos/ReportAid/app/tsconfig.json
ℹ ｢atl｣: Checking started in a separate process...
✖ ｢atl｣: Checking finished with 146 errors
Hash: 9d9758fe4e8458d5f6be
Version: webpack 4.17.2
Time: 11642ms
Built at: 02/11/2019 2:44:04 PM
        Asset       Size  Chunks             Chunk Names
    bundle.js   6.76 MiB     app  [emitted]  app
bundle.js.map   7.16 MiB     app  [emitted]  app
   index.html  452 bytes          [emitted]  
Entrypoint app = bundle.js bundle.js.map
[./node_modules/webpack/buildin/global.js] (webpack)/buildin/global.js 509 bytes {app} [built]
[./src/app/containers/appBar.tsx] 7.73 KiB {app} [built]
[./src/app/containers/content.tsx] 9.98 KiB {app} [built]
[./src/app/containers/main.tsx] 6.98 KiB {app} [built]
[./src/app/containers/pages/IATIWriter/org.tsx] 7.1 KiB {app} [built]
[./src/app/containers/pages/IATIWriter/organisation.tsx] 8.35 KiB {app} [built]
[0] multi babel-polyfill ./src/index.tsx 40 bytes {app} [built]
[./src/app/containers/siderOrganisationMenu.tsx] 8.59 KiB {app} [built]
[./src/app/images/logo.png] 1.79 KiB {app} [built]
[./src/app/store/index.ts] 346 bytes {app} [built]
[./src/app/store/store.ts] 3.36 KiB {app} [built]
[./src/app/styles/theme.tsx] 8.15 KiB {app} [built]
[./src/app/utils/config.ts] 197 KiB {app} [built]
[./src/app/utils/strings.ts] 15.5 KiB {app} [built]
[./src/index.tsx] 1.44 KiB {app} [built]
    + 1535 hidden modules

ERROR in [at-loader] ./src/app/store/IATI/IATIReader/organisations/actions.ts:8:22 
    TS2352: Type 'object' cannot be converted to type 'IATIReportActionTypes'.

ERROR in [at-loader] ./src/app/store/IATI/IATIReader/organisations/organisations/actions.ts:12:78 
    TS1138: Parameter declaration expected.

ERROR in [at-loader] ./src/app/components/io/organisationsPicker.tsx:54:41 
    TS7017: Element implicitly has an 'any' type because type 'OrganisationsProps' has no index signature.

ERROR in [at-loader] ./src/app/components/io/organisationsPicker.tsx:83:5 
    TS2322: Type 'IATIOrganisationsReport' is not assignable to type 'OrganisationsProps'.
  Property 'organisationsRef' is missing in type 'IATIOrganisationsReport'.

ERROR in [at-loader] ./src/app/components/io/organisationsPicker.tsx:89:38 
    TS2554: Expected 1 arguments, but got 0.

ERROR in [at-loader] ./src/app/containers/pages/IATIWriter/organisation.tsx:86:13 
    TS2322: Type '(values: OrganisationProps, actions: any) => void' is not assignable to type '((values: { organisationsRef: string; reportingOrgRef: string; reportingOrgType: number; reportingOrgIsSecondary: boolean; lang: string; currency: string; }, formikActions: FormikActions<{ organisationsRef: string; ... 4 more ...; currency: string; }>) => void) & ((values: OrganisationProps, actions: any) => void)'.
  Type '(values: OrganisationProps, actions: any) => void' is not assignable to type '(values: { organisationsRef: string; reportingOrgRef: string; reportingOrgType: number; reportingOrgIsSecondary: boolean; lang: string; currency: string; }, formikActions: FormikActions<{ organisationsRef: string; ... 4 more ...; currency: string; }>) => void'.
    Types of parameters 'values' and 'values' are incompatible.
      Type '{ organisationsRef: string; reportingOrgRef: string; reportingOrgType: number; reportingOrgIsSecondary: boolean; lang: string; currency: string; }' is not assignable to type 'OrganisationProps'.
        Property 'organisationRef' is missing in type '{ organisationsRef: string; reportingOrgRef: string; reportingOrgType: number; reportingOrgIsSecondary: boolean; lang: string; currency: string; }'.

ERROR in [at-loader] ./src/app/containers/pages/IATIWriter/organisation.tsx:89:13 
    TS2322: Type '(formProps: FormikProps<OrganisationProps>) => Element' is not assignable to type '((props: FormikProps<{ organisationsRef: string; reportingOrgRef: string; reportingOrgType: number; reportingOrgIsSecondary: boolean; lang: string; currency: string; }>) => ReactNode) & ((formProps: FormikProps<...>) => Element)'.
  Type '(formProps: FormikProps<OrganisationProps>) => Element' is not assignable to type '(props: FormikProps<{ organisationsRef: string; reportingOrgRef: string; reportingOrgType: number; reportingOrgIsSecondary: boolean; lang: string; currency: string; }>) => ReactNode'.
    Types of parameters 'formProps' and 'props' are incompatible.
      Type 'FormikProps<{ organisationsRef: string; reportingOrgRef: string; reportingOrgType: number; reportingOrgIsSecondary: boolean; lang: string; currency: string; }>' is not assignable to type 'FormikProps<OrganisationProps>'.
        Type 'FormikProps<{ organisationsRef: string; reportingOrgRef: string; reportingOrgType: number; reportingOrgIsSecondary: boolean; lang: string; currency: string; }>' is not assignable to type 'FormikState<OrganisationProps>'.
          Types of property 'values' are incompatible.
            Type '{ organisationsRef: string; reportingOrgRef: string; reportingOrgType: number; reportingOrgIsSecondary: boolean; lang: string; currency: string; }' is not assignable to type 'OrganisationProps'.

ERROR in [at-loader] ./src/app/store/IATI/IATIReader/organisations/organisation/actions.ts:12:78 
    TS1138: Parameter declaration expected.

ERROR in [at-loader] ./src/app/components/io/organisationPicker.tsx:54:36 
    TS7017: Element implicitly has an 'any' type because type 'OrganisationProps' has no index signature.

ERROR in [at-loader] ./src/app/components/io/organisationPicker.tsx:83:5 
    TS2322: Type 'IATIOrganisationsReport' is not assignable to type 'OrganisationProps'.
  Property 'organisationsRef' is missing in type 'IATIOrganisationsReport'.

ERROR in [at-loader] ./src/app/components/io/organisationPicker.tsx:89:37 
    TS2554: Expected 1 arguments, but got 0.

ERROR in [at-loader] ./src/app/store/IATI/IATIReader/organisations/orgs/actions.ts:17:78 
    TS1138: Parameter declaration expected.

ERROR in [at-loader] ./src/app/store/IATI/IATIReader/organisations/orgs/actions.ts:8:10 
    TS2305: Module '"/its/home/sh601/gitrepos/ReportAid/app/src/app/store/IATI/IATIReader/organisations/types"' has no exported member 'IATIOrgReports'.

ERROR in [at-loader] ./src/app/components/io/orgPicker.tsx:44:44 
    TS2552: Cannot find name 'orgRef'. Did you mean 'orgRefs'?

ERROR in [at-loader] ./src/app/components/io/orgPicker.tsx:64:5 
    TS2322: Type 'IATIOrgReports' is not assignable to type 'IATIOrgProps'.
  Property 'name' is missing in type 'IATIOrgReports'.

ERROR in [at-loader] ./src/app/containers/pages/IATIWriter/organisationDocs.tsx:124:13 
    TS2322: Type '{ organisations: {}; title: string; format: string; url: string; category: string; countryRef: string; desc: string; lang: string; day: number; month: number; year: number; }' is not assignable to type 'OrganisationDocProps & { organisations: {}; title: string; format: string; url: string; category: string; countryRef: string; desc: string; lang: string; day: number; month: number; year: number; }'.
  Type '{ organisations: {}; title: string; format: string; url: string; category: string; countryRef: string; desc: string; lang: string; day: number; month: number; year: number; }' is not assignable to type 'OrganisationDocProps'.
    Property 'organisationsRef' is missing in type '{ organisations: {}; title: string; format: string; url: string; category: string; countryRef: string; desc: string; lang: string; day: number; month: number; year: number; }'.

ERROR in [at-loader] ./src/app/containers/pages/IATIWriter/organisationBudgets.tsx:136:13 
    TS2322: Type '{ organisations: {}; budgetLine: string; value: number; status: number; startDay: number; startMonth: number; startYear: number; endDay: number; endMonth: number; endYear: number; }' is not assignable to type 'OrganisationBudgetProps & { organisations: {}; budgetLine: string; value: number; status: number; startDay: number; startMonth: number; startYear: number; endDay: number; endMonth: number; endYear: number; }'.
  Type '{ organisations: {}; budgetLine: string; value: number; status: number; startDay: number; startMonth: number; startYear: number; endDay: number; endMonth: number; endYear: number; }' is not assignable to type 'OrganisationBudgetProps'.
    Property 'organisationsRef' is missing in type '{ organisations: {}; budgetLine: string; value: number; status: number; startDay: number; startMonth: number; startYear: number; endDay: number; endMonth: number; endYear: number; }'.

ERROR in [at-loader] ./src/app/containers/pages/IATIWriter/organisationExpenditure.tsx:123:13 
    TS2322: Type '{ organisations: {}; expenditureLine: string; value: number; status: number; startDay: number; startMonth: number; startYear: number; endDay: number; endMonth: number; endYear: number; }' is not assignable to type 'OrganisationExpenditureProps & { organisations: {}; expenditureLine: string; value: number; status: number; startDay: number; startMonth: number; startYear: number; endDay: number; endMonth: number; endYear: number; }'.
  Type '{ organisations: {}; expenditureLine: string; value: number; status: number; startDay: number; startMonth: number; startYear: number; endDay: number; endMonth: number; endYear: number; }' is not assignable to type 'OrganisationExpenditureProps'.
    Property 'organisationsRef' is missing in type '{ organisations: {}; expenditureLine: string; value: number; status: number; startDay: number; startMonth: number; startYear: number; endDay: number; endMonth: number; endYear: number; }'.

ERROR in [at-loader] ./src/app/containers/pages/IATIWriter/organisationRecipientBudgets.tsx:125:13 
    TS2322: Type '{ organisations: {}; recipientOrgRef: string; budgetLine: string; value: number; status: number; startDay: number; startMonth: number; startYear: number; endDay: number; endMonth: number; endYear: number; }' is not assignable to type 'OrganisationRecipientBudgetProps & { organisations: {}; recipientOrgRef: string; budgetLine: string; value: number; status: number; startDay: number; startMonth: number; startYear: number; endDay: number; endMonth: number; endYear: number; }'.
  Type '{ organisations: {}; recipientOrgRef: string; budgetLine: string; value: number; status: number; startDay: number; startMonth: number; startYear: number; endDay: number; endMonth: number; endYear: number; }' is not assignable to type 'OrganisationRecipientBudgetProps'.
    Property 'organisationsRef' is missing in type '{ organisations: {}; recipientOrgRef: string; budgetLine: string; value: number; status: number; startDay: number; startMonth: number; startYear: number; endDay: number; endMonth: number; endYear: number; }'.

ERROR in [at-loader] ./src/app/containers/pages/IATIWriter/organisationRegionBudgets.tsx:125:13 
    TS2322: Type '{ organisations: {}; regionRef: number; budgetLine: string; value: number; status: number; startDay: number; startMonth: number; startYear: number; endDay: number; endMonth: number; endYear: number; }' is not assignable to type 'OrganisationRegionBudgetProps & { organisations: {}; regionRef: number; budgetLine: string; value: number; status: number; startDay: number; startMonth: number; startYear: number; endDay: number; endMonth: number; endYear: number; }'.
  Type '{ organisations: {}; regionRef: number; budgetLine: string; value: number; status: number; startDay: number; startMonth: number; startYear: number; endDay: number; endMonth: number; endYear: number; }' is not assignable to type 'OrganisationRegionBudgetProps'.
    Property 'organisationsRef' is missing in type '{ organisations: {}; regionRef: number; budgetLine: string; value: number; status: number; startDay: number; startMonth: number; startYear: number; endDay: number; endMonth: number; endYear: number; }'.

ERROR in [at-loader] ./src/app/containers/pages/IATIWriter/organisationCountryBudgets.tsx:125:13 
    TS2322: Type '{ organisations: {}; countryRef: string; budgetLine: string; value: number; status: number; startDay: number; startMonth: number; startYear: number; endDay: number; endMonth: number; endYear: number; }' is not assignable to type 'OrganisationCountryBudgetProps & { organisations: {}; countryRef: string; budgetLine: string; value: number; status: number; startDay: number; startMonth: number; startYear: number; endDay: number; endMonth: number; endYear: number; }'.
  Type '{ organisations: {}; countryRef: string; budgetLine: string; value: number; status: number; startDay: number; startMonth: number; startYear: number; endDay: number; endMonth: number; endYear: number; }' is not assignable to type 'OrganisationCountryBudgetProps'.
    Property 'organisationsRef' is missing in type '{ organisations: {}; countryRef: string; budgetLine: string; value: number; status: number; startDay: number; startMonth: number; startYear: number; endDay: number; endMonth: number; endYear: number; }'.

ERROR in [at-loader] ./src/app/store/IATI/IATIReader/organisations/organisationBudgets/actions.ts:12:78 
    TS1138: Parameter declaration expected.

ERROR in [at-loader] ./src/app/store/IATI/IATIReader/organisations/organisationBudgets/actions.ts:28:24 
    TS2304: Cannot find name 'IATIBudgetReportProps'.

ERROR in [at-loader] ./src/app/store/IATI/IATIReader/organisations/organisationBudgets/actions.ts:31:10 
    TS7017: Element implicitly has an 'any' type because type 'IATIOrganisationsReport' has no index signature.

ERROR in [at-loader] ./src/app/containers/pages/IATIReader/organisationBudgets.tsx:12:41 
    TS2307: Cannot find module '../../../store/IATI/IATIReader/types'.

ERROR in [at-loader] ./src/app/containers/pages/IATIReader/organisationBudgets.tsx:48:37 
    TS2339: Property 'reportReference' does not exist on type 'typeof OrganisationBudget'.

ERROR in [at-loader] ./src/app/containers/pages/IATIReader/organisationBudgets.tsx:55:16 
    TS7017: Element implicitly has an 'any' type because type '{}' has no index signature.

ERROR in [at-loader] ./src/app/containers/pages/IATIReader/organisationBudgets.tsx:55:69 
    TS7017: Element implicitly has an 'any' type because type '{}' has no index signature.

ERROR in [at-loader] ./src/app/containers/pages/IATIReader/organisationBudgets.tsx:56:64 
    TS7017: Element implicitly has an 'any' type because type '{}' has no index signature.

ERROR in [at-loader] ./src/app/containers/pages/IATIReader/organisationBudgets.tsx:57:59 
    TS7017: Element implicitly has an 'any' type because type '{}' has no index signature.

ERROR in [at-loader] ./src/app/containers/pages/IATIReader/organisationBudgets.tsx:58:57 
    TS7017: Element implicitly has an 'any' type because type '{}' has no index signature.

ERROR in [at-loader] ./src/app/containers/pages/IATIReader/organisationBudgets.tsx:59:62 
    TS7017: Element implicitly has an 'any' type because type '{}' has no index signature.

ERROR in [at-loader] ./src/app/containers/pages/IATIReader/organisationBudgets.tsx:62:52 
    TS7017: Element implicitly has an 'any' type because type '{}' has no index signature.

ERROR in [at-loader] ./src/app/containers/pages/IATIReader/organisationBudgets.tsx:63:53 
    TS7017: Element implicitly has an 'any' type because type '{}' has no index signature.

ERROR in [at-loader] ./src/app/containers/pages/IATIReader/organisationBudgets.tsx:90:16 
    TS2339: Property 'orgBudgetsReader' does not exist on type 'ApplicationState'.

ERROR in [at-loader] ./src/app/containers/pages/IATIReader/organisationBudgets.tsx:91:23 
    TS2339: Property 'orgBudgetsReader' does not exist on type 'ApplicationState'.

ERROR in [at-loader] ./src/app/containers/pages/IATIReader/organisationBudgets.tsx:97:32 
    TS2554: Expected 1 arguments, but got 0.

ERROR in [at-loader] ./src/app/store/IATI/IATIReader/organisations/organisationCountryBudgets/actions.ts:12:78 
    TS1138: Parameter declaration expected.

ERROR in [at-loader] ./src/app/containers/pages/IATIReader/organisationCountryBudgets.tsx:12:48 
    TS2307: Cannot find module '../../../store/IATI/IATIReader/types'.

ERROR in [at-loader] ./src/app/containers/pages/IATIReader/organisationCountryBudgets.tsx:48:53 
    TS2339: Property 'reportReference' does not exist on type 'typeof OrganisationCountryBudget'.

ERROR in [at-loader] ./src/app/containers/pages/IATIReader/organisationCountryBudgets.tsx:55:16 
    TS7017: Element implicitly has an 'any' type because type '{}' has no index signature.

ERROR in [at-loader] ./src/app/containers/pages/IATIReader/organisationCountryBudgets.tsx:55:69 
    TS7017: Element implicitly has an 'any' type because type '{}' has no index signature.

ERROR in [at-loader] ./src/app/containers/pages/IATIReader/organisationCountryBudgets.tsx:56:64 
    TS7017: Element implicitly has an 'any' type because type '{}' has no index signature.

ERROR in [at-loader] ./src/app/containers/pages/IATIReader/organisationCountryBudgets.tsx:57:64 
    TS7017: Element implicitly has an 'any' type because type '{}' has no index signature.

ERROR in [at-loader] ./src/app/containers/pages/IATIReader/organisationCountryBudgets.tsx:58:59 
    TS7017: Element implicitly has an 'any' type because type '{}' has no index signature.

ERROR in [at-loader] ./src/app/containers/pages/IATIReader/organisationCountryBudgets.tsx:59:57 
    TS7017: Element implicitly has an 'any' type because type '{}' has no index signature.

ERROR in [at-loader] ./src/app/containers/pages/IATIReader/organisationCountryBudgets.tsx:60:78 
    TS7017: Element implicitly has an 'any' type because type '{}' has no index signature.

ERROR in [at-loader] ./src/app/containers/pages/IATIReader/organisationCountryBudgets.tsx:64:68 
    TS7017: Element implicitly has an 'any' type because type '{}' has no index signature.

ERROR in [at-loader] ./src/app/containers/pages/IATIReader/organisationCountryBudgets.tsx:65:69 
    TS7017: Element implicitly has an 'any' type because type '{}' has no index signature.

ERROR in [at-loader] ./src/app/containers/pages/IATIReader/organisationCountryBudgets.tsx:79:48 
    TS2551: Property 'nums' does not exist on type 'typeof OrganisationCountryBudget'. Did you mean 'num'?

ERROR in [at-loader] ./src/app/containers/pages/IATIReader/organisationCountryBudgets.tsx:82:47 
    TS2339: Property 'reportBudgetDetails' does not exist on type 'typeof OrganisationCountryBudget'.

ERROR in [at-loader] ./src/app/containers/pages/IATIReader/organisationCountryBudgets.tsx:92:16 
    TS2339: Property 'orgCountryBudgetsReader' does not exist on type 'ApplicationState'.

ERROR in [at-loader] ./src/app/containers/pages/IATIReader/organisationCountryBudgets.tsx:93:30 
    TS2339: Property 'orgCountryBudgetsReader' does not exist on type 'ApplicationState'.

ERROR in [at-loader] ./src/app/containers/pages/IATIReader/organisationCountryBudgets.tsx:99:39 
    TS2554: Expected 1 arguments, but got 0.

ERROR in [at-loader] ./src/app/store/IATI/IATIReader/organisations/organisationDocs/actions.ts:12:78 
    TS1138: Parameter declaration expected.

ERROR in [at-loader] ./src/app/containers/pages/IATIReader/organisationDocs.tsx:12:38 
    TS2307: Cannot find module '../../../store/IATI/IATIReader/types'.

ERROR in [at-loader] ./src/app/containers/pages/IATIReader/organisationDocs.tsx:48:43 
    TS2339: Property 'reportReference' does not exist on type 'typeof OrganisationDoc'.

ERROR in [at-loader] ./src/app/containers/pages/IATIReader/organisationDocs.tsx:51:43 
    TS2339: Property 'numDocs' does not exist on type 'typeof OrganisationDoc'.

ERROR in [at-loader] ./src/app/containers/pages/IATIReader/organisationDocs.tsx:55:16 
    TS7017: Element implicitly has an 'any' type because type '{}' has no index signature.

ERROR in [at-loader] ./src/app/containers/pages/IATIReader/organisationDocs.tsx:55:64 
    TS7017: Element implicitly has an 'any' type because type '{}' has no index signature.

ERROR in [at-loader] ./src/app/containers/pages/IATIReader/organisationDocs.tsx:56:62 
    TS7017: Element implicitly has an 'any' type because type '{}' has no index signature.

ERROR in [at-loader] ./src/app/containers/pages/IATIReader/organisationDocs.tsx:57:64 
    TS7017: Element implicitly has an 'any' type because type '{}' has no index signature.

ERROR in [at-loader] ./src/app/containers/pages/IATIReader/organisationDocs.tsx:58:58 
    TS7017: Element implicitly has an 'any' type because type '{}' has no index signature.

ERROR in [at-loader] ./src/app/containers/pages/IATIReader/organisationDocs.tsx:59:58 
    TS7017: Element implicitly has an 'any' type because type '{}' has no index signature.

ERROR in [at-loader] ./src/app/containers/pages/IATIReader/organisationDocs.tsx:60:68 
    TS7017: Element implicitly has an 'any' type because type '{}' has no index signature.

ERROR in [at-loader] ./src/app/containers/pages/IATIReader/organisationDocs.tsx:62:66 
    TS7017: Element implicitly has an 'any' type because type '{}' has no index signature.

ERROR in [at-loader] ./src/app/containers/pages/IATIReader/organisationDocs.tsx:63:67 
    TS7017: Element implicitly has an 'any' type because type '{}' has no index signature.

ERROR in [at-loader] ./src/app/containers/pages/IATIReader/organisationDocs.tsx:64:64 
    TS7017: Element implicitly has an 'any' type because type '{}' has no index signature.

ERROR in [at-loader] ./src/app/containers/pages/IATIReader/organisationDocs.tsx:67:65 
    TS7017: Element implicitly has an 'any' type because type '{}' has no index signature.

ERROR in [at-loader] ./src/app/containers/pages/IATIReader/organisationDocs.tsx:81:38 
    TS2551: Property 'nums' does not exist on type 'typeof OrganisationDoc'. Did you mean 'num'?

ERROR in [at-loader] ./src/app/containers/pages/IATIReader/organisationDocs.tsx:84:37 
    TS2339: Property 'reportDocDetails' does not exist on type 'typeof OrganisationDoc'.

ERROR in [at-loader] ./src/app/containers/pages/IATIReader/organisationDocs.tsx:94:16 
    TS2339: Property 'orgDocsReader' does not exist on type 'ApplicationState'.

ERROR in [at-loader] ./src/app/containers/pages/IATIReader/organisationDocs.tsx:95:20 
    TS2339: Property 'orgDocsReader' does not exist on type 'ApplicationState'.

ERROR in [at-loader] ./src/app/containers/pages/IATIReader/organisationDocs.tsx:101:29 
    TS2554: Expected 1 arguments, but got 0.

ERROR in [at-loader] ./src/app/store/IATI/IATIReader/organisations/organisationExpenditure/actions.ts:12:78 
    TS1138: Parameter declaration expected.

ERROR in [at-loader] ./src/app/containers/pages/IATIReader/organisationExpenditure.tsx:12:45 
    TS2307: Cannot find module '../../../store/IATI/IATIReader/types'.

ERROR in [at-loader] ./src/app/containers/pages/IATIReader/organisationExpenditure.tsx:48:51 
    TS2339: Property 'reportReference' does not exist on type 'typeof OrganisationExpenditure'.

ERROR in [at-loader] ./src/app/containers/pages/IATIReader/organisationExpenditure.tsx:55:16 
    TS7017: Element implicitly has an 'any' type because type '{}' has no index signature.

ERROR in [at-loader] ./src/app/containers/pages/IATIReader/organisationExpenditure.tsx:55:79 
    TS7017: Element implicitly has an 'any' type because type '{}' has no index signature.

ERROR in [at-loader] ./src/app/containers/pages/IATIReader/organisationExpenditure.tsx:56:69 
    TS7017: Element implicitly has an 'any' type because type '{}' has no index signature.

ERROR in [at-loader] ./src/app/containers/pages/IATIReader/organisationExpenditure.tsx:57:59 
    TS7017: Element implicitly has an 'any' type because type '{}' has no index signature.

ERROR in [at-loader] ./src/app/containers/pages/IATIReader/organisationExpenditure.tsx:58:57 
    TS7017: Element implicitly has an 'any' type because type '{}' has no index signature.

ERROR in [at-loader] ./src/app/containers/pages/IATIReader/organisationExpenditure.tsx:59:76 
    TS7017: Element implicitly has an 'any' type because type '{}' has no index signature.

ERROR in [at-loader] ./src/app/containers/pages/IATIReader/organisationExpenditure.tsx:62:66 
    TS7017: Element implicitly has an 'any' type because type '{}' has no index signature.

ERROR in [at-loader] ./src/app/containers/pages/IATIReader/organisationExpenditure.tsx:63:67 
    TS7017: Element implicitly has an 'any' type because type '{}' has no index signature.

ERROR in [at-loader] ./src/app/containers/pages/IATIReader/organisationExpenditure.tsx:77:46 
    TS2551: Property 'nums' does not exist on type 'typeof OrganisationExpenditure'. Did you mean 'num'?

ERROR in [at-loader] ./src/app/containers/pages/IATIReader/organisationExpenditure.tsx:80:45 
    TS2339: Property 'reportExpenditureDetails' does not exist on type 'typeof OrganisationExpenditure'.

ERROR in [at-loader] ./src/app/containers/pages/IATIReader/organisationExpenditure.tsx:90:16 
    TS2339: Property 'orgExpenditureReader' does not exist on type 'ApplicationState'.

ERROR in [at-loader] ./src/app/containers/pages/IATIReader/organisationExpenditure.tsx:91:27 
    TS2339: Property 'orgExpenditureReader' does not exist on type 'ApplicationState'.

ERROR in [at-loader] ./src/app/containers/pages/IATIReader/organisationExpenditure.tsx:97:36 
    TS2554: Expected 1 arguments, but got 0.

ERROR in [at-loader] ./src/app/store/IATI/IATIReader/organisations/organisationRecipientBudgets/actions.ts:12:78 
    TS1138: Parameter declaration expected.

ERROR in [at-loader] ./src/app/containers/pages/IATIReader/organisationRecipientBudgets.tsx:12:50 
    TS2307: Cannot find module '../../../store/IATI/IATIReader/types'.

ERROR in [at-loader] ./src/app/containers/pages/IATIReader/organisationRecipientBudgets.tsx:48:55 
    TS2339: Property 'reportReference' does not exist on type 'typeof OrganisationRecipientBudget'.

ERROR in [at-loader] ./src/app/containers/pages/IATIReader/organisationRecipientBudgets.tsx:55:16 
    TS7017: Element implicitly has an 'any' type because type '{}' has no index signature.

ERROR in [at-loader] ./src/app/containers/pages/IATIReader/organisationRecipientBudgets.tsx:55:69 
    TS7017: Element implicitly has an 'any' type because type '{}' has no index signature.

ERROR in [at-loader] ./src/app/containers/pages/IATIReader/organisationRecipientBudgets.tsx:56:64 
    TS7017: Element implicitly has an 'any' type because type '{}' has no index signature.

ERROR in [at-loader] ./src/app/containers/pages/IATIReader/organisationRecipientBudgets.tsx:57:59 
    TS7017: Element implicitly has an 'any' type because type '{}' has no index signature.

ERROR in [at-loader] ./src/app/containers/pages/IATIReader/organisationRecipientBudgets.tsx:58:57 
    TS7017: Element implicitly has an 'any' type because type '{}' has no index signature.

ERROR in [at-loader] ./src/app/containers/pages/IATIReader/organisationRecipientBudgets.tsx:59:80 
    TS7017: Element implicitly has an 'any' type because type '{}' has no index signature.

ERROR in [at-loader] ./src/app/containers/pages/IATIReader/organisationRecipientBudgets.tsx:61:77 
    TS7017: Element implicitly has an 'any' type because type '{}' has no index signature.

ERROR in [at-loader] ./src/app/containers/pages/IATIReader/organisationRecipientBudgets.tsx:63:70 
    TS7017: Element implicitly has an 'any' type because type '{}' has no index signature.

ERROR in [at-loader] ./src/app/containers/pages/IATIReader/organisationRecipientBudgets.tsx:64:71 
    TS7017: Element implicitly has an 'any' type because type '{}' has no index signature.

ERROR in [at-loader] ./src/app/containers/pages/IATIReader/organisationRecipientBudgets.tsx:78:50 
    TS2551: Property 'nums' does not exist on type 'typeof OrganisationRecipientBudget'. Did you mean 'num'?

ERROR in [at-loader] ./src/app/containers/pages/IATIReader/organisationRecipientBudgets.tsx:81:49 
    TS2339: Property 'reportBudgetDetails' does not exist on type 'typeof OrganisationRecipientBudget'.

ERROR in [at-loader] ./src/app/containers/pages/IATIReader/organisationRecipientBudgets.tsx:91:16 
    TS2339: Property 'orgRecipientBudgetsReader' does not exist on type 'ApplicationState'.

ERROR in [at-loader] ./src/app/containers/pages/IATIReader/organisationRecipientBudgets.tsx:92:32 
    TS2339: Property 'orgRecipientBudgetsReader' does not exist on type 'ApplicationState'.

ERROR in [at-loader] ./src/app/containers/pages/IATIReader/organisationRecipientBudgets.tsx:98:41 
    TS2554: Expected 1 arguments, but got 0.

ERROR in [at-loader] ./src/app/store/IATI/IATIReader/organisations/organisationRegionBudgets/actions.ts:12:78 
    TS1138: Parameter declaration expected.

ERROR in [at-loader] ./src/app/containers/pages/IATIReader/organisationRegionBudgets.tsx:12:10 
    TS2305: Module '"/its/home/sh601/gitrepos/ReportAid/app/src/app/store/IATI/IATIReader/organisations/types"' has no exported member 'OrganisationRegionBudgetsData'.

ERROR in [at-loader] ./src/app/containers/pages/IATIReader/organisationRegionBudgets.tsx:48:52 
    TS2551: Property 'reportReference' does not exist on type 'typeof OrganisationRegionBudget'. Did you mean 'regionReference'?

ERROR in [at-loader] ./src/app/containers/pages/IATIReader/organisationRegionBudgets.tsx:55:16 
    TS7017: Element implicitly has an 'any' type because type '{}' has no index signature.

ERROR in [at-loader] ./src/app/containers/pages/IATIReader/organisationRegionBudgets.tsx:55:69 
    TS7017: Element implicitly has an 'any' type because type '{}' has no index signature.

ERROR in [at-loader] ./src/app/containers/pages/IATIReader/organisationRegionBudgets.tsx:56:64 
    TS7017: Element implicitly has an 'any' type because type '{}' has no index signature.

ERROR in [at-loader] ./src/app/containers/pages/IATIReader/organisationRegionBudgets.tsx:57:59 
    TS7017: Element implicitly has an 'any' type because type '{}' has no index signature.

ERROR in [at-loader] ./src/app/containers/pages/IATIReader/organisationRegionBudgets.tsx:58:57 
    TS7017: Element implicitly has an 'any' type because type '{}' has no index signature.

ERROR in [at-loader] ./src/app/containers/pages/IATIReader/organisationRegionBudgets.tsx:59:77 
    TS7017: Element implicitly has an 'any' type because type '{}' has no index signature.

ERROR in [at-loader] ./src/app/containers/pages/IATIReader/organisationRegionBudgets.tsx:61:77 
    TS7017: Element implicitly has an 'any' type because type '{}' has no index signature.

ERROR in [at-loader] ./src/app/containers/pages/IATIReader/organisationRegionBudgets.tsx:63:67 
    TS7017: Element implicitly has an 'any' type because type '{}' has no index signature.

ERROR in [at-loader] ./src/app/containers/pages/IATIReader/organisationRegionBudgets.tsx:64:68 
    TS7017: Element implicitly has an 'any' type because type '{}' has no index signature.

ERROR in [at-loader] ./src/app/containers/pages/IATIReader/organisationRegionBudgets.tsx:78:47 
    TS2551: Property 'nums' does not exist on type 'typeof OrganisationRegionBudget'. Did you mean 'num'?

ERROR in [at-loader] ./src/app/containers/pages/IATIReader/organisationRegionBudgets.tsx:81:46 
    TS2339: Property 'reportBudgetDetails' does not exist on type 'typeof OrganisationRegionBudget'.

ERROR in [at-loader] ./src/app/containers/pages/IATIReader/organisationRegionBudgets.tsx:91:16 
    TS2339: Property 'orgRegionBudgetsReader' does not exist on type 'ApplicationState'.

ERROR in [at-loader] ./src/app/containers/pages/IATIReader/organisationRegionBudgets.tsx:92:29 
    TS2339: Property 'orgRegionBudgetsReader' does not exist on type 'ApplicationState'.

ERROR in [at-loader] ./src/app/containers/pages/IATIReader/organisationRegionBudgets.tsx:98:38 
    TS2554: Expected 1 arguments, but got 0.

ERROR in [at-loader] ./src/app/containers/pages/IATIReader/organisations.tsx:8:10 
    TS2305: Module '"/its/home/sh601/gitrepos/ReportAid/app/src/app/store/IATI/IATIReader/organisations/organisations/actions"' has no exported member 'getOrgs'.

ERROR in [at-loader] ./src/app/containers/pages/IATIReader/organisations.tsx:12:35 
    TS2307: Cannot find module '../../../store/IATI/IATIReader/types'.

ERROR in [at-loader] ./src/app/containers/pages/IATIReader/organisations.tsx:23:9 
    TS2304: Cannot find name 'OrgData'.

ERROR in [at-loader] ./src/app/containers/pages/IATIReader/organisations.tsx:53:31 
    TS2339: Property 'numOrgs' does not exist on type 'typeof Organisation'.

ERROR in [at-loader] ./src/app/containers/pages/IATIReader/organisations.tsx:57:16 
    TS7017: Element implicitly has an 'any' type because type '{}' has no index signature.

ERROR in [at-loader] ./src/app/containers/pages/IATIReader/organisations.tsx:57:64 
    TS7017: Element implicitly has an 'any' type because type '{}' has no index signature.

ERROR in [at-loader] ./src/app/containers/pages/IATIReader/organisations.tsx:58:61 
    TS7017: Element implicitly has an 'any' type because type '{}' has no index signature.

ERROR in [at-loader] ./src/app/containers/pages/IATIReader/organisations.tsx:59:63 
    TS7017: Element implicitly has an 'any' type because type '{}' has no index signature.

ERROR in [at-loader] ./src/app/containers/pages/IATIReader/organisations.tsx:60:63 
    TS7017: Element implicitly has an 'any' type because type '{}' has no index signature.

ERROR in [at-loader] ./src/app/containers/pages/IATIReader/organisations.tsx:61:66 
    TS7017: Element implicitly has an 'any' type because type '{}' has no index signature.

ERROR in [at-loader] ./src/app/containers/pages/IATIReader/organisations.tsx:62:56 
    TS7017: Element implicitly has an 'any' type because type '{}' has no index signature.

ERROR in [at-loader] ./src/app/containers/pages/IATIReader/organisations.tsx:63:34 
    TS2339: Property 'reportKey' does not exist on type 'typeof Organisation'.

ERROR in [at-loader] ./src/app/containers/pages/IATIReader/organisations.tsx:64:57 
    TS7017: Element implicitly has an 'any' type because type '{}' has no index signature.

ERROR in [at-loader] ./src/app/containers/pages/IATIReader/organisations.tsx:65:64 
    TS7017: Element implicitly has an 'any' type because type '{}' has no index signature.

ERROR in [at-loader] ./src/app/containers/pages/IATIReader/organisations.tsx:66:34 
    TS2339: Property 'version' does not exist on type 'typeof Organisation'.

ERROR in [at-loader] ./src/app/containers/pages/IATIReader/organisations.tsx:79:25 
    TS2339: Property 'headingOrgReader' does not exist on type 'typeof Organisation'.

ERROR in [at-loader] ./src/app/containers/pages/IATIReader/organisations.tsx:81:26 
    TS2551: Property 'numOrganisations' does not exist on type 'typeof Organisation'. Did you mean 'numOrganisation'?

ERROR in [at-loader] ./src/app/containers/pages/IATIReader/organisations.tsx:84:25 
    TS2339: Property 'orgDetails' does not exist on type 'typeof Organisation'.

ERROR in [at-loader] ./src/app/containers/pages/IATIReader/organisations.tsx:94:27 
    TS2339: Property 'num' does not exist on type 'IATIOrgReportProps'.

ERROR in [at-loader] ./src/app/containers/pages/IATIReader/orgs.tsx:10:25 
    TS2307: Cannot find module '../../../store/IATI/IATIReader/orgs/types'.

ERROR in [at-loader] ./src/app/containers/pages/IATIReader/orgs.tsx:67:16 
    TS2551: Property 'orgReader' does not exist on type 'ApplicationState'. Did you mean 'orgsReader'?

ERROR in [at-loader] ./src/app/containers/pages/IATIReader/orgs.tsx:68:17 
    TS2551: Property 'orgReader' does not exist on type 'ApplicationState'. Did you mean 'orgsReader'?
Child html-webpack-plugin for "index.html":
     1 asset
    Entrypoint undefined = index.html
    [./node_modules/html-webpack-plugin/lib/loader.js!./src/index.html] 602 bytes {0} [built]
    [./node_modules/webpack/buildin/global.js] (webpack)/buildin/global.js 509 bytes {0} [built]
    [./node_modules/webpack/buildin/module.js] (webpack)/buildin/module.js 519 bytes {0} [built]
        + 1 hidden module
npm ERR! code ELIFECYCLE
npm ERR! errno 2
npm ERR! ReportAid@0.0.5 compile: `webpack --config ./webpack.dev.js --mode development`
npm ERR! Exit status 2
npm ERR! 
npm ERR! Failed at the ReportAid@0.0.5 compile script.
npm ERR! This is probably not a problem with npm. There is likely additional logging output above.

npm ERR! A complete log of this run can be found in:
npm ERR!     /its/home/sh601/.npm/_logs/2019-02-11T14_44_04_701Z-debug.log
